<?xml version="1.0" encoding="UTF-8"?>
<!-- Generated by org.testng.reporters.JUnitReportReporter -->
<testsuite hostname="DESKTOP-392CL3Q" failures="0" tests="1" name="Academy.validateTitle" time="32.376" errors="0" timestamp="2022-06-11T21:33:10 TRT" skipped="0">
  <testcase classname="Academy.validateTitle" name="BasePageNavigation" time="32.376"/>
  <system-out/>
</testsuite> <!-- Academy.validateTitle -->
