<?xml version="1.0" encoding="UTF-8"?>
<!-- Generated by org.testng.reporters.JUnitReportReporter -->
<testsuite hostname="DESKTOP-392CL3Q" failures="0" tests="1" name="Academy.validateTitle" time="0.141" errors="0" timestamp="2022-06-27T17:09:04 TRT" skipped="0">
  <testcase classname="Academy.validateTitle" name="BasePageNavigation" time="0.141"/>
  <system-out/>
</testsuite> <!-- Academy.validateTitle -->
