<?xml version="1.0" encoding="UTF-8"?>
<!-- Generated by org.testng.reporters.JUnitReportReporter -->
<testsuite hostname="DESKTOP-392CL3Q" failures="0" tests="1" name="Academy.validateTitle" time="0.208" errors="0" timestamp="2022-06-12T19:07:45 TRT" skipped="0">
  <testcase classname="Academy.validateTitle" name="BasePageNavigation" time="0.208"/>
  <system-out/>
</testsuite> <!-- Academy.validateTitle -->
