<?xml version="1.0" encoding="UTF-8"?>
<!-- Generated by org.testng.reporters.JUnitReportReporter -->
<testsuite hostname="DESKTOP-392CL3Q" failures="0" tests="2" name="Academy.homepage" time="50.365" errors="0" timestamp="2022-06-12T11:11:11 TRT" skipped="0">
  <testcase classname="Academy.homepage" name="BasePageNavigation" time="26.916"/>
  <system-out/>
  <testcase classname="Academy.homepage" name="BasePageNavigation" time="23.449"/>
  <system-out/>
</testsuite> <!-- Academy.homepage -->
