<?xml version="1.0" encoding="UTF-8"?>
<!-- Generated by org.testng.reporters.JUnitReportReporter -->
<testsuite hostname="DESKTOP-392CL3Q" failures="0" tests="1" name="Academy.validateTitle" time="0.129" errors="0" timestamp="2022-06-16T20:41:17 TRT" skipped="0">
  <testcase classname="Academy.validateTitle" name="BasePageNavigation" time="0.129"/>
  <system-out/>
</testsuite> <!-- Academy.validateTitle -->
