<?xml version="1.0" encoding="UTF-8"?>
<!-- Generated by org.testng.reporters.JUnitReportReporter -->
<testsuite hostname="DESKTOP-392CL3Q" failures="0" tests="1" name="Academy.homapage" time="35.658" errors="0" timestamp="2022-06-09T16:27:25 TRT" skipped="0">
  <testcase classname="Academy.homapage" name="BasePageNavigation" time="35.658"/>
  <system-out/>
</testsuite> <!-- Academy.homapage -->
