<?xml version="1.0" encoding="UTF-8"?>
<!-- Generated by org.testng.reporters.JUnitReportReporter -->
<testsuite hostname="DESKTOP-392CL3Q" failures="0" tests="2" name="Academy.homepage" time="48.448" errors="0" timestamp="2022-06-27T18:06:07 TRT" skipped="0">
  <testcase classname="Academy.homepage" name="BasePageNavigation" time="29.709"/>
  <system-out/>
  <testcase classname="Academy.homepage" name="BasePageNavigation" time="18.739"/>
  <system-out/>
</testsuite> <!-- Academy.homepage -->
